::1 - - [18/Nov/2025:14:24:32 +0300] "GET /index.php HTTP/1.1" 200 73659
::1 - - [18/Nov/2025:14:24:45 +0300] "POST /display.php HTTP/1.1" 200 298
::1 - - [18/Nov/2025:14:25:41 +0300] "-" 408 -
::1 - - [18/Nov/2025:14:25:59 +0300] "POST /display.php HTTP/1.1" 200 335
::1 - - [18/Nov/2025:14:26:47 +0300] "POST /display.php HTTP/1.1" 200 412
::1 - - [18/Nov/2025:14:27:41 +0300] "POST /display.php HTTP/1.1" 200 413
::1 - - [18/Nov/2025:14:28:41 +0300] "-" 408 -
::1 - - [18/Nov/2025:14:29:13 +0300] "POST /display.php HTTP/1.1" 200 413
::1 - - [18/Nov/2025:14:30:13 +0300] "-" 408 -
::1 - - [02/Dec/2025:12:50:13 +0300] "GET / HTTP/1.1" 200 73749
::1 - - [02/Dec/2025:12:50:14 +0300] "GET / HTTP/1.1" 200 73749
::1 - - [02/Dec/2025:12:51:13 +0300] "-" 408 -
::1 - - [02/Dec/2025:12:52:10 +0300] "GET /index.html HTTP/1.1" 200 411
::1 - - [02/Dec/2025:12:52:15 +0300] "POST /display.php HTTP/1.1" 200 411
::1 - - [02/Dec/2025:12:53:10 +0300] "-" 408 -
::1 - - [02/Dec/2025:12:53:53 +0300] "POST /display.php HTTP/1.1" 200 411
::1 - - [02/Dec/2025:12:53:57 +0300] "POST /display.php HTTP/1.1" 200 411
::1 - - [02/Dec/2025:12:54:53 +0300] "-" 408 -
::1 - - [02/Dec/2025:13:11:13 +0300] "POST /display.php HTTP/1.1" 200 411
::1 - - [02/Dec/2025:13:12:05 +0300] "POST /display.php HTTP/1.1" 200 411
::1 - - [02/Dec/2025:13:13:05 +0300] "-" 408 -
::1 - - [02/Dec/2025:13:27:57 +0300] "POST /display.php HTTP/1.1" 200 415
::1 - - [02/Dec/2025:13:28:04 +0300] "POST /display.php HTTP/1.1" 200 415
::1 - - [02/Dec/2025:13:29:04 +0300] "-" 408 -
::1 - - [02/Dec/2025:13:29:14 +0300] "POST /display.php HTTP/1.1" 200 415
::1 - - [02/Dec/2025:13:30:14 +0300] "-" 408 -
::1 - - [02/Dec/2025:13:32:16 +0300] "POST /display.php HTTP/1.1" 200 415
::1 - - [02/Dec/2025:13:33:16 +0300] "-" 408 -
::1 - - [02/Dec/2025:13:35:58 +0300] "POST /display.php HTTP/1.1" 200 415
::1 - - [02/Dec/2025:13:36:56 +0300] "POST /display.php HTTP/1.1" 200 490
::1 - - [02/Dec/2025:13:37:56 +0300] "-" 408 -
::1 - - [02/Dec/2025:13:38:01 +0300] "POST /display.php HTTP/1.1" 200 415
::1 - - [02/Dec/2025:13:39:01 +0300] "-" 408 -
::1 - - [02/Dec/2025:13:47:51 +0300] "POST /display.php HTTP/1.1" 200 295
::1 - - [02/Dec/2025:13:48:51 +0300] "POST /display.php HTTP/1.1" 200 421
::1 - - [02/Dec/2025:13:49:51 +0300] "-" 408 -
::1 - - [02/Dec/2025:13:51:22 +0300] "POST /display.php HTTP/1.1" 302 146
::1 - - [02/Dec/2025:13:51:23 +0300] "GET /index.php HTTP/1.1" 200 74069
::1 - - [02/Dec/2025:13:52:22 +0300] "-" 408 -
